#! /c/Source/iverilog-install/bin/vvp
:ivl_version "12.0 (devel)" "(s20150603-1539-g2693dd32b)";
:ivl_delay_selection "TYPICAL";
:vpi_time_precision + 0;
:vpi_module "C:\iverilog\lib\ivl\system.vpi";
:vpi_module "C:\iverilog\lib\ivl\vhdl_sys.vpi";
:vpi_module "C:\iverilog\lib\ivl\vhdl_textio.vpi";
:vpi_module "C:\iverilog\lib\ivl\v2005_math.vpi";
:vpi_module "C:\iverilog\lib\ivl\va_math.vpi";
S_000002649d06f030 .scope module, "cpu" "cpu" 2 4;
 .timescale 0 0;
    .port_info 0 /INPUT 1 "rst";
    .port_info 1 /INPUT 1 "clk";
    .port_info 2 /OUTPUT 32 "imem_addr";
    .port_info 3 /INPUT 32 "imem_rdata";
    .port_info 4 /OUTPUT 1 "imem_rstrb";
    .port_info 5 /INPUT 32 "mem_rdata";
    .port_info 6 /OUTPUT 32 "mem_addr";
    .port_info 7 /OUTPUT 32 "mem_wdata";
    .port_info 8 /OUTPUT 1 "mem_rstrb";
    .port_info 9 /OUTPUT 32 "cycle";
    .port_info 10 /OUTPUT 4 "mem_wstrb";
o000002649d122938 .functor BUFZ 32, C4<zzzzzzzzzzzzzzzzzzzzzzzzzzzzzzzz>; HiZ drive
L_000002649d0e18d0 .functor BUFZ 32, o000002649d122938, C4<00000000000000000000000000000000>, C4<00000000000000000000000000000000>, C4<00000000000000000000000000000000>;
L_000002649d0e1a90 .functor BUFZ 32, v000002649d154b80_0, C4<00000000000000000000000000000000>, C4<00000000000000000000000000000000>, C4<00000000000000000000000000000000>;
L_000002649d0e23c0 .functor BUFZ 32, L_000002649d1bbe30, C4<00000000000000000000000000000000>, C4<00000000000000000000000000000000>, C4<00000000000000000000000000000000>;
L_000002649d0e2040 .functor AND 1, L_000002649d1b2950, v000002649d155da0_0, C4<1>, C4<1>;
L_000002649d0e1b70 .functor AND 1, L_000002649d1b3b70, L_000002649d1b4430, C4<1>, C4<1>;
L_000002649d0e2580 .functor OR 1, L_000002649d0e2040, L_000002649d0e1b70, C4<0>, C4<0>;
L_000002649d0e1e10 .functor AND 1, v000002649d154cc0_0, L_000002649d0e2580, C4<1>, C4<1>;
L_000002649d0e2660 .functor BUFZ 32, v000002649d0e3d70_0, C4<00000000000000000000000000000000>, C4<00000000000000000000000000000000>, C4<00000000000000000000000000000000>;
L_000002649d0e20b0 .functor AND 1, L_000002649d1b3f30, L_000002649d1bc1f0, C4<1>, C4<1>;
L_000002649d0e2190 .functor AND 1, L_000002649d1b3f30, L_000002649d1bc290, C4<1>, C4<1>;
L_000002649d0e2430 .functor OR 1, v000002649d155620_0, v000002649d1553a0_0, C4<0>, C4<0>;
L_000002649d0e2200 .functor OR 1, v000002649d155620_0, v000002649d1553a0_0, C4<0>, C4<0>;
L_000002649d0e24a0 .functor OR 1, L_000002649d1bacb0, v000002649d155620_0, C4<0>, C4<0>;
L_000002649d0e1940 .functor BUFZ 32, v000002649d1558a0_0, C4<00000000000000000000000000000000>, C4<00000000000000000000000000000000>, C4<00000000000000000000000000000000>;
L_000002649d15b050 .functor BUFT 1, C4<11111111111111111111111111111110>, C4<0>, C4<0>, C4<0>;
L_000002649d0e19b0 .functor AND 32, v000002649d154b80_0, L_000002649d15b050, C4<11111111111111111111111111111111>, C4<11111111111111111111111111111111>;
L_000002649d0e1a20 .functor OR 1, v000002649d156ff0_0, v000002649d157770_0, C4<0>, C4<0>;
L_000002649d1bf390 .functor BUFZ 1, v000002649d1578b0_0, C4<0>, C4<0>, C4<0>;
v000002649d151a80_0 .var "ForwardA", 2 0;
v000002649d150f40_0 .var "ForwardB", 2 0;
v000002649d151760_0 .net "LOAD_byte_mem", 7 0, L_000002649d1b3df0;  1 drivers
v000002649d151800_0 .net "LOAD_halfword_mem", 15 0, L_000002649d1b3710;  1 drivers
v000002649d151440_0 .net "LOAD_sign_mem", 0 0, L_000002649d1b3f30;  1 drivers
L_000002649d15a708 .functor BUFT 1, C4<11000>, C4<0>, C4<0>, C4<0>;
v000002649d151bc0_0 .net/2u *"_ivl_0", 4 0, L_000002649d15a708;  1 drivers
L_000002649d15a9d8 .functor BUFT 1, C4<00000000000000000000000000000000>, C4<0>, C4<0>, C4<0>;
v000002649d151080_0 .net/2u *"_ivl_100", 31 0, L_000002649d15a9d8;  1 drivers
L_000002649d15aa20 .functor BUFT 1, C4<11>, C4<0>, C4<0>, C4<0>;
v000002649d150400_0 .net/2u *"_ivl_102", 1 0, L_000002649d15aa20;  1 drivers
v000002649d150360_0 .net *"_ivl_104", 0 0, L_000002649d1b3530;  1 drivers
v000002649d150ea0_0 .net *"_ivl_106", 31 0, L_000002649d1b4570;  1 drivers
v000002649d1509a0_0 .net *"_ivl_108", 31 0, L_000002649d1b4070;  1 drivers
L_000002649d15aa68 .functor BUFT 1, C4<000>, C4<0>, C4<0>, C4<0>;
v000002649d1504a0_0 .net/2u *"_ivl_112", 2 0, L_000002649d15aa68;  1 drivers
v000002649d151da0_0 .net *"_ivl_114", 0 0, L_000002649d1b37b0;  1 drivers
L_000002649d15aab0 .functor BUFT 1, C4<001>, C4<0>, C4<0>, C4<0>;
v000002649d1519e0_0 .net/2u *"_ivl_116", 2 0, L_000002649d15aab0;  1 drivers
v000002649d150a40_0 .net *"_ivl_118", 0 0, L_000002649d1b3cb0;  1 drivers
L_000002649d15aaf8 .functor BUFT 1, C4<010>, C4<0>, C4<0>, C4<0>;
v000002649d150540_0 .net/2u *"_ivl_120", 2 0, L_000002649d15aaf8;  1 drivers
v000002649d1513a0_0 .net *"_ivl_122", 0 0, L_000002649d1b38f0;  1 drivers
v000002649d150b80_0 .net *"_ivl_124", 31 0, L_000002649d1b3350;  1 drivers
v000002649d1500e0_0 .net *"_ivl_126", 31 0, L_000002649d1b42f0;  1 drivers
L_000002649d15ab40 .functor BUFT 1, C4<000>, C4<0>, C4<0>, C4<0>;
v000002649d1518a0_0 .net/2u *"_ivl_132", 2 0, L_000002649d15ab40;  1 drivers
v000002649d1514e0_0 .net *"_ivl_134", 0 0, L_000002649d1b2c70;  1 drivers
L_000002649d15ab88 .functor BUFT 1, C4<001>, C4<0>, C4<0>, C4<0>;
v000002649d151300_0 .net/2u *"_ivl_136", 2 0, L_000002649d15ab88;  1 drivers
v000002649d150fe0_0 .net *"_ivl_138", 0 0, L_000002649d1b2810;  1 drivers
L_000002649d15a7e0 .functor BUFT 1, C4<00000000000000000000000000000100>, C4<0>, C4<0>, C4<0>;
v000002649d150c20_0 .net/2u *"_ivl_14", 31 0, L_000002649d15a7e0;  1 drivers
L_000002649d15abd0 .functor BUFT 1, C4<010>, C4<0>, C4<0>, C4<0>;
v000002649d150720_0 .net/2u *"_ivl_140", 2 0, L_000002649d15abd0;  1 drivers
v000002649d150680_0 .net *"_ivl_142", 0 0, L_000002649d1b3210;  1 drivers
v000002649d1505e0_0 .net *"_ivl_144", 31 0, L_000002649d1b3850;  1 drivers
v000002649d150900_0 .net *"_ivl_146", 31 0, L_000002649d1b3ad0;  1 drivers
L_000002649d15ac18 .functor BUFT 1, C4<001>, C4<0>, C4<0>, C4<0>;
v000002649d151940_0 .net/2u *"_ivl_152", 2 0, L_000002649d15ac18;  1 drivers
v000002649d151ee0_0 .net *"_ivl_154", 0 0, L_000002649d1b3490;  1 drivers
L_000002649d15ac60 .functor BUFT 1, C4<010>, C4<0>, C4<0>, C4<0>;
v000002649d151580_0 .net/2u *"_ivl_156", 2 0, L_000002649d15ac60;  1 drivers
v000002649d151c60_0 .net *"_ivl_158", 0 0, L_000002649d1b2ef0;  1 drivers
v000002649d1507c0_0 .net *"_ivl_160", 31 0, L_000002649d1b3d50;  1 drivers
L_000002649d15aca8 .functor BUFT 1, C4<000>, C4<0>, C4<0>, C4<0>;
v000002649d151f80_0 .net/2u *"_ivl_164", 2 0, L_000002649d15aca8;  1 drivers
L_000002649d15acf0 .functor BUFT 1, C4<001>, C4<0>, C4<0>, C4<0>;
v000002649d151e40_0 .net/2u *"_ivl_168", 2 0, L_000002649d15acf0;  1 drivers
v000002649d153e50_0 .net *"_ivl_173", 0 0, L_000002649d0e2040;  1 drivers
v000002649d153090_0 .net *"_ivl_175", 0 0, L_000002649d1b4430;  1 drivers
v000002649d152f50_0 .net *"_ivl_177", 0 0, L_000002649d0e1b70;  1 drivers
v000002649d1527d0_0 .net *"_ivl_185", 1 0, L_000002649d1b44d0;  1 drivers
L_000002649d15ad38 .functor BUFT 1, C4<00>, C4<0>, C4<0>, C4<0>;
v000002649d152690_0 .net/2u *"_ivl_186", 1 0, L_000002649d15ad38;  1 drivers
v000002649d1539f0_0 .net *"_ivl_191", 1 0, L_000002649d1b32b0;  1 drivers
L_000002649d15ad80 .functor BUFT 1, C4<01>, C4<0>, C4<0>, C4<0>;
v000002649d152870_0 .net/2u *"_ivl_192", 1 0, L_000002649d15ad80;  1 drivers
v000002649d1534f0_0 .net *"_ivl_197", 0 0, L_000002649d1b3670;  1 drivers
v000002649d153db0_0 .net *"_ivl_199", 15 0, L_000002649d1b2770;  1 drivers
v000002649d152730_0 .net *"_ivl_201", 15 0, L_000002649d1b29f0;  1 drivers
v000002649d152190_0 .net *"_ivl_205", 0 0, L_000002649d1b3fd0;  1 drivers
v000002649d152910_0 .net *"_ivl_207", 7 0, L_000002649d1b3990;  1 drivers
v000002649d152b90_0 .net *"_ivl_209", 7 0, L_000002649d1b2bd0;  1 drivers
v000002649d1522d0_0 .net *"_ivl_213", 0 0, L_000002649d1b3e90;  1 drivers
v000002649d153a90_0 .net *"_ivl_217", 0 0, L_000002649d1bc1f0;  1 drivers
v000002649d152a50_0 .net *"_ivl_218", 0 0, L_000002649d0e20b0;  1 drivers
v000002649d1520f0_0 .net *"_ivl_220", 23 0, L_000002649d1bac10;  1 drivers
v000002649d1525f0_0 .net *"_ivl_222", 31 0, L_000002649d1baad0;  1 drivers
v000002649d152e10_0 .net *"_ivl_225", 0 0, L_000002649d1bc290;  1 drivers
v000002649d152ff0_0 .net *"_ivl_226", 0 0, L_000002649d0e2190;  1 drivers
v000002649d1529b0_0 .net *"_ivl_228", 15 0, L_000002649d1bba70;  1 drivers
v000002649d1531d0_0 .net *"_ivl_230", 31 0, L_000002649d1bbbb0;  1 drivers
v000002649d153630_0 .net *"_ivl_232", 31 0, L_000002649d1bbc50;  1 drivers
v000002649d152c30_0 .net *"_ivl_241", 0 0, L_000002649d0e2200;  1 drivers
v000002649d153ef0_0 .net *"_ivl_245", 0 0, L_000002649d1bacb0;  1 drivers
L_000002649d15adc8 .functor BUFT 1, C4<1111>, C4<0>, C4<0>, C4<0>;
v000002649d153950_0 .net/2u *"_ivl_250", 3 0, L_000002649d15adc8;  1 drivers
L_000002649d15ae10 .functor BUFT 1, C4<0000>, C4<0>, C4<0>, C4<0>;
v000002649d152af0_0 .net/2u *"_ivl_252", 3 0, L_000002649d15ae10;  1 drivers
v000002649d152cd0_0 .net/2u *"_ivl_258", 31 0, L_000002649d15b050;  1 drivers
v000002649d153130_0 .net *"_ivl_260", 31 0, L_000002649d0e19b0;  1 drivers
v000002649d153810_0 .net *"_ivl_262", 31 0, L_000002649d1bcbf0;  1 drivers
v000002649d153270_0 .net *"_ivl_264", 31 0, L_000002649d1bb930;  1 drivers
v000002649d1524b0_0 .net *"_ivl_268", 0 0, L_000002649d0e1a20;  1 drivers
v000002649d152550_0 .net *"_ivl_270", 31 0, L_000002649d1bbf70;  1 drivers
v000002649d152370_0 .net *"_ivl_31", 0 0, L_000002649d158740;  1 drivers
v000002649d153450_0 .net *"_ivl_32", 20 0, L_000002649d159280;  1 drivers
v000002649d153310_0 .net *"_ivl_35", 10 0, L_000002649d159dc0;  1 drivers
v000002649d1533b0_0 .net *"_ivl_39", 0 0, L_000002649d159460;  1 drivers
L_000002649d15a750 .functor BUFT 1, C4<11011>, C4<0>, C4<0>, C4<0>;
v000002649d152d70_0 .net/2u *"_ivl_4", 4 0, L_000002649d15a750;  1 drivers
v000002649d153f90_0 .net *"_ivl_40", 19 0, L_000002649d158d80;  1 drivers
v000002649d153c70_0 .net *"_ivl_43", 0 0, L_000002649d158880;  1 drivers
v000002649d152eb0_0 .net *"_ivl_45", 5 0, L_000002649d159500;  1 drivers
v000002649d153590_0 .net *"_ivl_47", 3 0, L_000002649d159fa0;  1 drivers
L_000002649d15a828 .functor BUFT 1, C4<0>, C4<0>, C4<0>, C4<0>;
v000002649d1536d0_0 .net/2u *"_ivl_48", 0 0, L_000002649d15a828;  1 drivers
v000002649d153d10_0 .net *"_ivl_53", 0 0, L_000002649d15a220;  1 drivers
v000002649d153770_0 .net *"_ivl_54", 20 0, L_000002649d159640;  1 drivers
v000002649d1538b0_0 .net *"_ivl_57", 5 0, L_000002649d1596e0;  1 drivers
v000002649d153b30_0 .net *"_ivl_59", 4 0, L_000002649d159960;  1 drivers
v000002649d153bd0_0 .net *"_ivl_63", 0 0, L_000002649d159be0;  1 drivers
v000002649d152230_0 .net *"_ivl_64", 11 0, L_000002649d1b2db0;  1 drivers
v000002649d152410_0 .net *"_ivl_67", 7 0, L_000002649d1b2a90;  1 drivers
v000002649d155a80_0 .net *"_ivl_69", 0 0, L_000002649d1b2e50;  1 drivers
v000002649d1559e0_0 .net *"_ivl_71", 9 0, L_000002649d1b2f90;  1 drivers
L_000002649d15a870 .functor BUFT 1, C4<0>, C4<0>, C4<0>, C4<0>;
v000002649d155120_0 .net/2u *"_ivl_72", 0 0, L_000002649d15a870;  1 drivers
v000002649d155080_0 .net *"_ivl_77", 0 0, L_000002649d1b41b0;  1 drivers
v000002649d154720_0 .net *"_ivl_79", 18 0, L_000002649d1b2b30;  1 drivers
L_000002649d15a798 .functor BUFT 1, C4<11001>, C4<0>, C4<0>, C4<0>;
v000002649d155b20_0 .net/2u *"_ivl_8", 4 0, L_000002649d15a798;  1 drivers
L_000002649d15a8b8 .functor BUFT 1, C4<000000000000>, C4<0>, C4<0>, C4<0>;
v000002649d155580_0 .net/2u *"_ivl_80", 11 0, L_000002649d15a8b8;  1 drivers
L_000002649d15a900 .functor BUFT 1, C4<00000000000000000000000000000100>, C4<0>, C4<0>, C4<0>;
v000002649d156200_0 .net/2u *"_ivl_88", 31 0, L_000002649d15a900;  1 drivers
L_000002649d15a948 .functor BUFT 1, C4<01>, C4<0>, C4<0>, C4<0>;
v000002649d1551c0_0 .net/2u *"_ivl_92", 1 0, L_000002649d15a948;  1 drivers
v000002649d1565c0_0 .net *"_ivl_94", 0 0, L_000002649d1b3a30;  1 drivers
L_000002649d15a990 .functor BUFT 1, C4<10>, C4<0>, C4<0>, C4<0>;
v000002649d156020_0 .net/2u *"_ivl_96", 1 0, L_000002649d15a990;  1 drivers
v000002649d1554e0_0 .net *"_ivl_98", 0 0, L_000002649d1b4390;  1 drivers
v000002649d1549a0_0 .net "alu_in1_source_select", 31 0, L_000002649d1b3170;  1 drivers
v000002649d154d60_0 .net "alu_in2_source_select", 31 0, L_000002649d1b30d0;  1 drivers
v000002649d155d00_0 .net "alu_input_b", 31 0, L_000002649d1b2d10;  1 drivers
v000002649d1547c0_0 .var "alu_op_ctrl", 3 0;
v000002649d154a40_0 .net "alu_result", 31 0, v000002649d0e3d70_0;  1 drivers
v000002649d154860_0 .var "alusrc_ctrl", 0 0;
v000002649d154900_0 .net "branch_taken", 0 0, L_000002649d0e2580;  1 drivers
v000002649d1562a0_0 .net "branch_target_ex", 31 0, L_000002649d1bab70;  1 drivers
o000002649d1205f8 .functor BUFZ 1, C4<z>; HiZ drive
v000002649d156340_0 .net "clk", 0 0, o000002649d1205f8;  0 drivers
v000002649d155300_0 .var "ctrl_alu_in1_src", 1 0;
v000002649d155bc0_0 .var "cycle", 31 0;
v000002649d154fe0_0 .var "debug_ex_instruction", 31 0;
v000002649d154ae0_0 .var "debug_id_instruction", 31 0;
v000002649d155260_0 .var "debug_mem_instruction", 31 0;
v000002649d155c60_0 .var "debug_wb_instruction", 31 0;
v000002649d154b80_0 .var "ex_mem_alu_result", 31 0;
v000002649d154c20_0 .var "ex_mem_branch_target", 31 0;
v000002649d1556c0_0 .var "ex_mem_funct3", 2 0;
v000002649d154cc0_0 .var "ex_mem_isBtype", 0 0;
v000002649d154e00_0 .var "ex_mem_isJAL", 0 0;
v000002649d155440_0 .var "ex_mem_isJALR", 0 0;
v000002649d155620_0 .var "ex_mem_mem_read", 0 0;
v000002649d154ea0_0 .var "ex_mem_mem_to_reg", 0 0;
v000002649d1553a0_0 .var "ex_mem_mem_write", 0 0;
v000002649d155940_0 .var "ex_mem_pcplus4", 31 0;
v000002649d155760_0 .var "ex_mem_rd_addr", 31 0;
v000002649d155800_0 .var "ex_mem_reg_write", 0 0;
v000002649d1558a0_0 .var "ex_mem_rs2_data", 31 0;
v000002649d155da0_0 .var "ex_mem_zero_flag", 0 0;
v000002649d155e40_0 .net "forward_data_mem", 31 0, L_000002649d0e1a90;  1 drivers
v000002649d155ee0_0 .net "forward_data_wb", 31 0, L_000002649d0e23c0;  1 drivers
v000002649d155f80_0 .net "forwarded_alu_in1", 31 0, L_000002649d1b4610;  1 drivers
v000002649d1560c0_0 .net "forwarded_alu_in2", 31 0, L_000002649d1b33f0;  1 drivers
v000002649d1563e0_0 .net "funct3_id", 2 0, L_000002649d159820;  1 drivers
v000002649d156160_0 .net "funct7_id", 6 0, L_000002649d15a4a0;  1 drivers
v000002649d156480_0 .var "id_ex_alu_in1_src", 1 0;
v000002649d156520_0 .var "id_ex_alu_op", 3 0;
v000002649d154f40_0 .var "id_ex_alusrc", 0 0;
v000002649d156cd0_0 .var "id_ex_funct3", 2 0;
v000002649d156d70_0 .var "id_ex_immediate", 31 0;
v000002649d157090_0 .var "id_ex_isBtype_reg", 0 0;
v000002649d157310_0 .var "id_ex_isJAL", 0 0;
v000002649d1569b0_0 .var "id_ex_isJALR", 0 0;
v000002649d157a90_0 .var "id_ex_mem_read", 0 0;
v000002649d1582b0_0 .var "id_ex_mem_to_reg", 0 0;
v000002649d1567d0_0 .var "id_ex_mem_write", 0 0;
v000002649d156b90_0 .var "id_ex_pcplus4", 31 0;
v000002649d156eb0_0 .var "id_ex_rd_addr", 4 0;
v000002649d157bd0_0 .var "id_ex_reg_write", 0 0;
v000002649d157c70_0 .var "id_ex_rs1_addr", 4 0;
v000002649d157b30_0 .var "id_ex_rs1_data", 31 0;
v000002649d158030_0 .var "id_ex_rs2_addr", 4 0;
v000002649d1580d0_0 .var "id_ex_rs2_data", 31 0;
v000002649d158170_0 .var "if_id_instruction", 31 0;
v000002649d157130_0 .var "if_id_pcplus4", 31 0;
o000002649d122518 .functor BUFZ 32, C4<zzzzzzzzzzzzzzzzzzzzzzzzzzzzzzzz>; HiZ drive
v000002649d158530_0 .net "imem_addr", 31 0, o000002649d122518;  0 drivers
o000002649d122548 .functor BUFZ 32, C4<zzzzzzzzzzzzzzzzzzzzzzzzzzzzzzzz>; HiZ drive
v000002649d1571d0_0 .net "imem_rdata", 31 0, o000002649d122548;  0 drivers
o000002649d122578 .functor BUFZ 1, C4<z>; HiZ drive
v000002649d158350_0 .net "imem_rstrb", 0 0, o000002649d122578;  0 drivers
v000002649d156af0_0 .net "imm_b", 31 0, L_000002649d1598c0;  1 drivers
v000002649d158210_0 .net "imm_i", 31 0, L_000002649d1593c0;  1 drivers
v000002649d1583f0_0 .net "imm_j", 31 0, L_000002649d1b35d0;  1 drivers
v000002649d157270_0 .net "imm_s", 31 0, L_000002649d159b40;  1 drivers
v000002649d156e10_0 .net "imm_u", 31 0, L_000002649d1b3030;  1 drivers
v000002649d156870_0 .var "immediate_id", 31 0;
v000002649d157d10_0 .net "instruction_from_mem", 31 0, L_000002649d0e18d0;  1 drivers
v000002649d1573b0_0 .net "is_beq", 0 0, L_000002649d1b2950;  1 drivers
v000002649d158490_0 .net "is_bne", 0 0, L_000002649d1b3b70;  1 drivers
v000002649d157e50_0 .net "is_btype_id", 0 0, L_000002649d15a5e0;  1 drivers
v000002649d157590_0 .net "is_instruction_fetch", 0 0, L_000002649d1bbcf0;  1 drivers
v000002649d1585d0_0 .net "is_jal_id", 0 0, L_000002649d158b00;  1 drivers
v000002649d157db0_0 .net "is_jalr_id", 0 0, L_000002649d158ce0;  1 drivers
v000002649d156730_0 .net "jalr_target_calc", 31 0, L_000002649d0e2660;  1 drivers
v000002649d157ef0_0 .net "load_data_formatted", 31 0, L_000002649d1bb430;  1 drivers
v000002649d1574f0_0 .net "mem_access_in_mem_stage", 0 0, L_000002649d0e2430;  1 drivers
v000002649d156910_0 .net "mem_addr", 31 0, L_000002649d1bb390;  1 drivers
v000002649d1579f0_0 .net "mem_byteAccess_mem", 0 0, L_000002649d1b4110;  1 drivers
v000002649d157f90_0 .net "mem_halfwordAccess_mem", 0 0, L_000002649d1b3c10;  1 drivers
v000002649d156a50_0 .net "mem_rdata", 31 0, o000002649d122938;  0 drivers
v000002649d156c30_0 .var "mem_read_ctrl", 0 0;
v000002649d156f50_0 .net "mem_rstrb", 0 0, L_000002649d0e24a0;  1 drivers
v000002649d157630_0 .var "mem_to_reg_ctrl", 0 0;
v000002649d157450_0 .net "mem_to_reg_wb", 0 0, L_000002649d1bf390;  1 drivers
v000002649d1576d0_0 .var "mem_wb_alu_result", 31 0;
v000002649d156ff0_0 .var "mem_wb_isJAL", 0 0;
v000002649d157770_0 .var "mem_wb_isJALR", 0 0;
v000002649d157810_0 .var "mem_wb_mem_data", 31 0;
v000002649d1578b0_0 .var "mem_wb_mem_to_reg", 0 0;
v000002649d157950_0 .var "mem_wb_pcplus4", 31 0;
v000002649d158ec0_0 .var "mem_wb_rd_addr", 4 0;
v000002649d159c80_0 .var "mem_wb_reg_write", 0 0;
v000002649d15a040_0 .net "mem_wdata", 31 0, L_000002649d0e1940;  1 drivers
v000002649d15a0e0_0 .var "mem_write_ctrl", 0 0;
v000002649d159e60_0 .net "mem_wstrb", 3 0, L_000002649d1bc6f0;  1 drivers
v000002649d158920_0 .net "next_pc", 31 0, L_000002649d1bcf10;  1 drivers
v000002649d159d20_0 .net "opcode_id", 4 0, L_000002649d159140;  1 drivers
v000002649d158f60_0 .net "pc_ex", 31 0, L_000002649d1b4250;  1 drivers
v000002649d158a60_0 .var "pc_reg", 31 0;
v000002649d15a2c0_0 .net "pcplus4_if", 31 0, L_000002649d1587e0;  1 drivers
v000002649d158c40_0 .net "rd_id", 4 0, L_000002649d15a180;  1 drivers
v000002649d159780_0 .net "rd_wb", 4 0, v000002649d158ec0_0;  1 drivers
v000002649d15a360_0 .var "reg_write_ctrl", 0 0;
v000002649d15a540_0 .net "reg_write_wb", 0 0, v000002649d159c80_0;  1 drivers
v000002649d159320_0 .net "rs1_data", 31 0, L_000002649d1baf30;  1 drivers
v000002649d159000_0 .net "rs1_id", 4 0, L_000002649d1595a0;  1 drivers
v000002649d1589c0_0 .net "rs2_data", 31 0, L_000002649d1bb070;  1 drivers
v000002649d15a400_0 .net "rs2_id", 4 0, L_000002649d1591e0;  1 drivers
o000002649d120748 .functor BUFZ 1, C4<z>; HiZ drive
v000002649d158ba0_0 .net "rst", 0 0, o000002649d120748;  0 drivers
v000002649d159aa0_0 .net "store_rs2_forwarded", 31 0, L_000002649d1b28b0;  1 drivers
v000002649d159a00_0 .net "take_branch_condition", 0 0, L_000002649d0e1e10;  1 drivers
v000002649d159f00_0 .net "wb_data", 31 0, L_000002649d1bbd90;  1 drivers
v000002649d158e20_0 .net "write_data_to_reg", 31 0, L_000002649d1bbe30;  1 drivers
v000002649d1590a0_0 .net "zero_flag", 0 0, L_000002649d1bb2f0;  1 drivers
E_000002649d0f0ce0 .event posedge, v000002649d1511c0_0, v000002649d151120_0;
E_000002649d0f1220/0 .event anyedge, v000002649d155800_0, v000002649d155760_0, v000002649d157c70_0, v000002649d158030_0;
E_000002649d0f1220/1 .event anyedge, v000002649d159c80_0, v000002649d158ec0_0;
E_000002649d0f1220 .event/or E_000002649d0f1220/0, E_000002649d0f1220/1;
E_000002649d0f15e0 .event anyedge, v000002649d159d20_0, v000002649d1563e0_0, v000002649d156160_0;
E_000002649d0f12e0/0 .event anyedge, v000002649d158210_0, v000002649d159d20_0, v000002649d157270_0, v000002649d156af0_0;
E_000002649d0f12e0/1 .event anyedge, v000002649d1583f0_0, v000002649d156e10_0;
E_000002649d0f12e0 .event/or E_000002649d0f12e0/0, E_000002649d0f12e0/1;
L_000002649d15a5e0 .cmp/eq 5, L_000002649d159140, L_000002649d15a708;
L_000002649d158b00 .cmp/eq 5, L_000002649d159140, L_000002649d15a750;
L_000002649d158ce0 .cmp/eq 5, L_000002649d159140, L_000002649d15a798;
L_000002649d1587e0 .arith/sum 32, v000002649d158a60_0, L_000002649d15a7e0;
L_000002649d159140 .part v000002649d158170_0, 2, 5;
L_000002649d15a180 .part v000002649d158170_0, 7, 5;
L_000002649d1595a0 .part v000002649d158170_0, 15, 5;
L_000002649d1591e0 .part v000002649d158170_0, 20, 5;
L_000002649d159820 .part v000002649d158170_0, 12, 3;
L_000002649d15a4a0 .part v000002649d158170_0, 25, 7;
L_000002649d158740 .part v000002649d158170_0, 31, 1;
LS_000002649d159280_0_0 .concat [ 1 1 1 1], L_000002649d158740, L_000002649d158740, L_000002649d158740, L_000002649d158740;
LS_000002649d159280_0_4 .concat [ 1 1 1 1], L_000002649d158740, L_000002649d158740, L_000002649d158740, L_000002649d158740;
LS_000002649d159280_0_8 .concat [ 1 1 1 1], L_000002649d158740, L_000002649d158740, L_000002649d158740, L_000002649d158740;
LS_000002649d159280_0_12 .concat [ 1 1 1 1], L_000002649d158740, L_000002649d158740, L_000002649d158740, L_000002649d158740;
LS_000002649d159280_0_16 .concat [ 1 1 1 1], L_000002649d158740, L_000002649d158740, L_000002649d158740, L_000002649d158740;
LS_000002649d159280_0_20 .concat [ 1 0 0 0], L_000002649d158740;
LS_000002649d159280_1_0 .concat [ 4 4 4 4], LS_000002649d159280_0_0, LS_000002649d159280_0_4, LS_000002649d159280_0_8, LS_000002649d159280_0_12;
LS_000002649d159280_1_4 .concat [ 4 1 0 0], LS_000002649d159280_0_16, LS_000002649d159280_0_20;
L_000002649d159280 .concat [ 16 5 0 0], LS_000002649d159280_1_0, LS_000002649d159280_1_4;
L_000002649d159dc0 .part v000002649d158170_0, 20, 11;
L_000002649d1593c0 .concat [ 11 21 0 0], L_000002649d159dc0, L_000002649d159280;
L_000002649d159460 .part v000002649d158170_0, 31, 1;
LS_000002649d158d80_0_0 .concat [ 1 1 1 1], L_000002649d159460, L_000002649d159460, L_000002649d159460, L_000002649d159460;
LS_000002649d158d80_0_4 .concat [ 1 1 1 1], L_000002649d159460, L_000002649d159460, L_000002649d159460, L_000002649d159460;
LS_000002649d158d80_0_8 .concat [ 1 1 1 1], L_000002649d159460, L_000002649d159460, L_000002649d159460, L_000002649d159460;
LS_000002649d158d80_0_12 .concat [ 1 1 1 1], L_000002649d159460, L_000002649d159460, L_000002649d159460, L_000002649d159460;
LS_000002649d158d80_0_16 .concat [ 1 1 1 1], L_000002649d159460, L_000002649d159460, L_000002649d159460, L_000002649d159460;
LS_000002649d158d80_1_0 .concat [ 4 4 4 4], LS_000002649d158d80_0_0, LS_000002649d158d80_0_4, LS_000002649d158d80_0_8, LS_000002649d158d80_0_12;
LS_000002649d158d80_1_4 .concat [ 4 0 0 0], LS_000002649d158d80_0_16;
L_000002649d158d80 .concat [ 16 4 0 0], LS_000002649d158d80_1_0, LS_000002649d158d80_1_4;
L_000002649d158880 .part v000002649d158170_0, 7, 1;
L_000002649d159500 .part v000002649d158170_0, 25, 6;
L_000002649d159fa0 .part v000002649d158170_0, 8, 4;
LS_000002649d1598c0_0_0 .concat [ 1 4 6 1], L_000002649d15a828, L_000002649d159fa0, L_000002649d159500, L_000002649d158880;
LS_000002649d1598c0_0_4 .concat [ 20 0 0 0], L_000002649d158d80;
L_000002649d1598c0 .concat [ 12 20 0 0], LS_000002649d1598c0_0_0, LS_000002649d1598c0_0_4;
L_000002649d15a220 .part v000002649d158170_0, 31, 1;
LS_000002649d159640_0_0 .concat [ 1 1 1 1], L_000002649d15a220, L_000002649d15a220, L_000002649d15a220, L_000002649d15a220;
LS_000002649d159640_0_4 .concat [ 1 1 1 1], L_000002649d15a220, L_000002649d15a220, L_000002649d15a220, L_000002649d15a220;
LS_000002649d159640_0_8 .concat [ 1 1 1 1], L_000002649d15a220, L_000002649d15a220, L_000002649d15a220, L_000002649d15a220;
LS_000002649d159640_0_12 .concat [ 1 1 1 1], L_000002649d15a220, L_000002649d15a220, L_000002649d15a220, L_000002649d15a220;
LS_000002649d159640_0_16 .concat [ 1 1 1 1], L_000002649d15a220, L_000002649d15a220, L_000002649d15a220, L_000002649d15a220;
LS_000002649d159640_0_20 .concat [ 1 0 0 0], L_000002649d15a220;
LS_000002649d159640_1_0 .concat [ 4 4 4 4], LS_000002649d159640_0_0, LS_000002649d159640_0_4, LS_000002649d159640_0_8, LS_000002649d159640_0_12;
LS_000002649d159640_1_4 .concat [ 4 1 0 0], LS_000002649d159640_0_16, LS_000002649d159640_0_20;
L_000002649d159640 .concat [ 16 5 0 0], LS_000002649d159640_1_0, LS_000002649d159640_1_4;
L_000002649d1596e0 .part v000002649d158170_0, 25, 6;
L_000002649d159960 .part v000002649d158170_0, 7, 5;
L_000002649d159b40 .concat [ 5 6 21 0], L_000002649d159960, L_000002649d1596e0, L_000002649d159640;
L_000002649d159be0 .part v000002649d158170_0, 31, 1;
LS_000002649d1b2db0_0_0 .concat [ 1 1 1 1], L_000002649d159be0, L_000002649d159be0, L_000002649d159be0, L_000002649d159be0;
LS_000002649d1b2db0_0_4 .concat [ 1 1 1 1], L_000002649d159be0, L_000002649d159be0, L_000002649d159be0, L_000002649d159be0;
LS_000002649d1b2db0_0_8 .concat [ 1 1 1 1], L_000002649d159be0, L_000002649d159be0, L_000002649d159be0, L_000002649d159be0;
L_000002649d1b2db0 .concat [ 4 4 4 0], LS_000002649d1b2db0_0_0, LS_000002649d1b2db0_0_4, LS_000002649d1b2db0_0_8;
L_000002649d1b2a90 .part v000002649d158170_0, 12, 8;
L_000002649d1b2e50 .part v000002649d158170_0, 20, 1;
L_000002649d1b2f90 .part v000002649d158170_0, 21, 10;
LS_000002649d1b35d0_0_0 .concat [ 1 10 1 8], L_000002649d15a870, L_000002649d1b2f90, L_000002649d1b2e50, L_000002649d1b2a90;
LS_000002649d1b35d0_0_4 .concat [ 12 0 0 0], L_000002649d1b2db0;
L_000002649d1b35d0 .concat [ 20 12 0 0], LS_000002649d1b35d0_0_0, LS_000002649d1b35d0_0_4;
L_000002649d1b41b0 .part v000002649d158170_0, 31, 1;
L_000002649d1b2b30 .part v000002649d158170_0, 12, 19;
L_000002649d1b3030 .concat [ 12 19 1 0], L_000002649d15a8b8, L_000002649d1b2b30, L_000002649d1b41b0;
L_000002649d1b4250 .arith/sub 32, v000002649d156b90_0, L_000002649d15a900;
L_000002649d1b3a30 .cmp/eq 2, v000002649d156480_0, L_000002649d15a948;
L_000002649d1b4390 .cmp/eq 2, v000002649d156480_0, L_000002649d15a990;
L_000002649d1b3530 .cmp/eq 2, v000002649d156480_0, L_000002649d15aa20;
L_000002649d1b4570 .functor MUXZ 32, v000002649d157b30_0, v000002649d156b90_0, L_000002649d1b3530, C4<>;
L_000002649d1b4070 .functor MUXZ 32, L_000002649d1b4570, L_000002649d15a9d8, L_000002649d1b4390, C4<>;
L_000002649d1b3170 .functor MUXZ 32, L_000002649d1b4070, L_000002649d1b4250, L_000002649d1b3a30, C4<>;
L_000002649d1b37b0 .cmp/eq 3, v000002649d151a80_0, L_000002649d15aa68;
L_000002649d1b3cb0 .cmp/eq 3, v000002649d151a80_0, L_000002649d15aab0;
L_000002649d1b38f0 .cmp/eq 3, v000002649d151a80_0, L_000002649d15aaf8;
L_000002649d1b3350 .functor MUXZ 32, L_000002649d1b3170, L_000002649d0e1a90, L_000002649d1b38f0, C4<>;
L_000002649d1b42f0 .functor MUXZ 32, L_000002649d1b3350, L_000002649d0e23c0, L_000002649d1b3cb0, C4<>;
L_000002649d1b4610 .functor MUXZ 32, L_000002649d1b42f0, L_000002649d1b3170, L_000002649d1b37b0, C4<>;
L_000002649d1b30d0 .functor MUXZ 32, v000002649d1580d0_0, v000002649d156d70_0, v000002649d154f40_0, C4<>;
L_000002649d1b2c70 .cmp/eq 3, v000002649d150f40_0, L_000002649d15ab40;
L_000002649d1b2810 .cmp/eq 3, v000002649d150f40_0, L_000002649d15ab88;
L_000002649d1b3210 .cmp/eq 3, v000002649d150f40_0, L_000002649d15abd0;
L_000002649d1b3850 .functor MUXZ 32, L_000002649d1b30d0, L_000002649d0e1a90, L_000002649d1b3210, C4<>;
L_000002649d1b3ad0 .functor MUXZ 32, L_000002649d1b3850, L_000002649d0e23c0, L_000002649d1b2810, C4<>;
L_000002649d1b33f0 .functor MUXZ 32, L_000002649d1b3ad0, L_000002649d1b30d0, L_000002649d1b2c70, C4<>;
L_000002649d1b2d10 .functor MUXZ 32, v000002649d1580d0_0, v000002649d156d70_0, v000002649d154f40_0, C4<>;
L_000002649d1b3490 .cmp/eq 3, v000002649d150f40_0, L_000002649d15ac18;
L_000002649d1b2ef0 .cmp/eq 3, v000002649d150f40_0, L_000002649d15ac60;
L_000002649d1b3d50 .functor MUXZ 32, v000002649d1580d0_0, L_000002649d0e1a90, L_000002649d1b2ef0, C4<>;
L_000002649d1b28b0 .functor MUXZ 32, L_000002649d1b3d50, L_000002649d0e23c0, L_000002649d1b3490, C4<>;
L_000002649d1b2950 .cmp/eq 3, v000002649d1556c0_0, L_000002649d15aca8;
L_000002649d1b3b70 .cmp/eq 3, v000002649d1556c0_0, L_000002649d15acf0;
L_000002649d1b4430 .reduce/nor v000002649d155da0_0;
L_000002649d1b44d0 .part v000002649d1556c0_0, 0, 2;
L_000002649d1b4110 .cmp/eq 2, L_000002649d1b44d0, L_000002649d15ad38;
L_000002649d1b32b0 .part v000002649d1556c0_0, 0, 2;
L_000002649d1b3c10 .cmp/eq 2, L_000002649d1b32b0, L_000002649d15ad80;
L_000002649d1b3670 .part v000002649d154b80_0, 1, 1;
L_000002649d1b2770 .part o000002649d122938, 16, 16;
L_000002649d1b29f0 .part o000002649d122938, 0, 16;
L_000002649d1b3710 .functor MUXZ 16, L_000002649d1b29f0, L_000002649d1b2770, L_000002649d1b3670, C4<>;
L_000002649d1b3fd0 .part v000002649d154b80_0, 0, 1;
L_000002649d1b3990 .part L_000002649d1b3710, 8, 8;
L_000002649d1b2bd0 .part L_000002649d1b3710, 0, 8;
L_000002649d1b3df0 .functor MUXZ 8, L_000002649d1b2bd0, L_000002649d1b3990, L_000002649d1b3fd0, C4<>;
L_000002649d1b3e90 .part v000002649d1556c0_0, 2, 1;
L_000002649d1b3f30 .reduce/nor L_000002649d1b3e90;
L_000002649d1bc1f0 .part L_000002649d1b3df0, 7, 1;
LS_000002649d1bac10_0_0 .concat [ 1 1 1 1], L_000002649d0e20b0, L_000002649d0e20b0, L_000002649d0e20b0, L_000002649d0e20b0;
LS_000002649d1bac10_0_4 .concat [ 1 1 1 1], L_000002649d0e20b0, L_000002649d0e20b0, L_000002649d0e20b0, L_000002649d0e20b0;
LS_000002649d1bac10_0_8 .concat [ 1 1 1 1], L_000002649d0e20b0, L_000002649d0e20b0, L_000002649d0e20b0, L_000002649d0e20b0;
LS_000002649d1bac10_0_12 .concat [ 1 1 1 1], L_000002649d0e20b0, L_000002649d0e20b0, L_000002649d0e20b0, L_000002649d0e20b0;
LS_000002649d1bac10_0_16 .concat [ 1 1 1 1], L_000002649d0e20b0, L_000002649d0e20b0, L_000002649d0e20b0, L_000002649d0e20b0;
LS_000002649d1bac10_0_20 .concat [ 1 1 1 1], L_000002649d0e20b0, L_000002649d0e20b0, L_000002649d0e20b0, L_000002649d0e20b0;
LS_000002649d1bac10_1_0 .concat [ 4 4 4 4], LS_000002649d1bac10_0_0, LS_000002649d1bac10_0_4, LS_000002649d1bac10_0_8, LS_000002649d1bac10_0_12;
LS_000002649d1bac10_1_4 .concat [ 4 4 0 0], LS_000002649d1bac10_0_16, LS_000002649d1bac10_0_20;
L_000002649d1bac10 .concat [ 16 8 0 0], LS_000002649d1bac10_1_0, LS_000002649d1bac10_1_4;
L_000002649d1baad0 .concat [ 8 24 0 0], L_000002649d1b3df0, L_000002649d1bac10;
L_000002649d1bc290 .part L_000002649d1b3710, 15, 1;
LS_000002649d1bba70_0_0 .concat [ 1 1 1 1], L_000002649d0e2190, L_000002649d0e2190, L_000002649d0e2190, L_000002649d0e2190;
LS_000002649d1bba70_0_4 .concat [ 1 1 1 1], L_000002649d0e2190, L_000002649d0e2190, L_000002649d0e2190, L_000002649d0e2190;
LS_000002649d1bba70_0_8 .concat [ 1 1 1 1], L_000002649d0e2190, L_000002649d0e2190, L_000002649d0e2190, L_000002649d0e2190;
LS_000002649d1bba70_0_12 .concat [ 1 1 1 1], L_000002649d0e2190, L_000002649d0e2190, L_000002649d0e2190, L_000002649d0e2190;
L_000002649d1bba70 .concat [ 4 4 4 4], LS_000002649d1bba70_0_0, LS_000002649d1bba70_0_4, LS_000002649d1bba70_0_8, LS_000002649d1bba70_0_12;
L_000002649d1bbbb0 .concat [ 16 16 0 0], L_000002649d1b3710, L_000002649d1bba70;
L_000002649d1bbc50 .functor MUXZ 32, o000002649d122938, L_000002649d1bbbb0, L_000002649d1b3c10, C4<>;
L_000002649d1bb430 .functor MUXZ 32, L_000002649d1bbc50, L_000002649d1baad0, L_000002649d1b4110, C4<>;
L_000002649d1bbcf0 .cmp/eq 32, L_000002649d1bb390, v000002649d158a60_0;
L_000002649d1bb390 .functor MUXZ 32, v000002649d158a60_0, v000002649d154b80_0, L_000002649d0e2200, C4<>;
L_000002649d1bacb0 .reduce/nor L_000002649d0e2430;
L_000002649d1bc6f0 .functor MUXZ 4, L_000002649d15ae10, L_000002649d15adc8, v000002649d1553a0_0, C4<>;
L_000002649d1bab70 .arith/sum 32, L_000002649d1b4250, v000002649d156d70_0;
L_000002649d1bcbf0 .functor MUXZ 32, L_000002649d1587e0, v000002649d154c20_0, v000002649d154e00_0, C4<>;
L_000002649d1bb930 .functor MUXZ 32, L_000002649d1bcbf0, v000002649d154c20_0, L_000002649d0e1e10, C4<>;
L_000002649d1bcf10 .functor MUXZ 32, L_000002649d1bb930, L_000002649d0e19b0, v000002649d155440_0, C4<>;
L_000002649d1bbf70 .functor MUXZ 32, v000002649d1576d0_0, v000002649d157810_0, v000002649d1578b0_0, C4<>;
L_000002649d1bbd90 .functor MUXZ 32, L_000002649d1bbf70, v000002649d157950_0, L_000002649d0e1a20, C4<>;
L_000002649d1bbe30 .functor MUXZ 32, L_000002649d1bbd90, v000002649d157810_0, v000002649d1578b0_0, C4<>;
S_000002649d06f1c0 .scope module, "alu_inst" "alu" 2 341, 3 1 0, S_000002649d06f030;
 .timescale 0 0;
    .port_info 0 /INPUT 32 "alu_in1";
    .port_info 1 /INPUT 32 "alu_in2";
    .port_info 2 /INPUT 4 "ALUOp";
    .port_info 3 /OUTPUT 32 "alu_out";
    .port_info 4 /OUTPUT 1 "zero_flag";
P_000002649d068250 .param/l "ALU_ADD" 0 3 8, C4<0000>;
P_000002649d068288 .param/l "ALU_AND" 0 3 12, C4<0100>;
P_000002649d0682c0 .param/l "ALU_OR" 0 3 11, C4<0011>;
P_000002649d0682f8 .param/l "ALU_SLL" 0 3 13, C4<0101>;
P_000002649d068330 .param/l "ALU_SLT" 0 3 16, C4<1000>;
P_000002649d068368 .param/l "ALU_SLTU" 0 3 17, C4<1001>;
P_000002649d0683a0 .param/l "ALU_SRA" 0 3 15, C4<0111>;
P_000002649d0683d8 .param/l "ALU_SRL" 0 3 14, C4<0110>;
P_000002649d068410 .param/l "ALU_SUB" 0 3 9, C4<0001>;
P_000002649d068448 .param/l "ALU_XOR" 0 3 10, C4<0010>;
v000002649d0e3370_0 .net "ALUOp", 3 0, v000002649d156520_0;  1 drivers
L_000002649d15b008 .functor BUFT 1, C4<00000000000000000000000000000000>, C4<0>, C4<0>, C4<0>;
v000002649d0e2ab0_0 .net/2u *"_ivl_0", 31 0, L_000002649d15b008;  1 drivers
v000002649d0e44f0_0 .net "alu_in1", 31 0, L_000002649d1b4610;  alias, 1 drivers
v000002649d0e3550_0 .net "alu_in2", 31 0, L_000002649d1b33f0;  alias, 1 drivers
v000002649d0e3d70_0 .var "alu_out", 31 0;
v000002649d0e3870_0 .net "zero_flag", 0 0, L_000002649d1bb2f0;  alias, 1 drivers
E_000002649d0f0aa0 .event anyedge, v000002649d0e3370_0, v000002649d0e44f0_0, v000002649d0e3550_0;
L_000002649d1bb2f0 .cmp/eq 32, v000002649d0e3d70_0, L_000002649d15b008;
S_000002649d068490 .scope module, "reg_file_inst" "reg_file" 2 329, 4 1 0, S_000002649d06f030;
 .timescale 0 0;
    .port_info 0 /INPUT 5 "rs1";
    .port_info 1 /INPUT 5 "rs2";
    .port_info 2 /INPUT 1 "clk";
    .port_info 3 /INPUT 1 "rst";
    .port_info 4 /INPUT 5 "rd";
    .port_info 5 /INPUT 32 "write_data";
    .port_info 6 /INPUT 1 "write_en";
    .port_info 7 /OUTPUT 32 "rs1_data";
    .port_info 8 /OUTPUT 32 "rs2_data";
L_000002649d0e2270 .functor AND 1, v000002649d159c80_0, L_000002649d1bce70, C4<1>, C4<1>;
L_000002649d0e17f0 .functor AND 1, v000002649d159c80_0, L_000002649d1bae90, C4<1>, C4<1>;
L_000002649d15ae58 .functor BUFT 1, C4<00000>, C4<0>, C4<0>, C4<0>;
v000002649d0e4590_0 .net/2u *"_ivl_0", 4 0, L_000002649d15ae58;  1 drivers
v000002649d0e3af0_0 .net *"_ivl_10", 31 0, L_000002649d1bbb10;  1 drivers
v000002649d0e4630_0 .net *"_ivl_12", 6 0, L_000002649d1bb250;  1 drivers
L_000002649d15aee8 .functor BUFT 1, C4<00>, C4<0>, C4<0>, C4<0>;
v000002649d0e4130_0 .net *"_ivl_15", 1 0, L_000002649d15aee8;  1 drivers
v000002649d0e41d0_0 .net *"_ivl_16", 31 0, L_000002649d1badf0;  1 drivers
v000002649d0e3b90_0 .net *"_ivl_2", 0 0, L_000002649d1bb9d0;  1 drivers
L_000002649d15af30 .functor BUFT 1, C4<00000>, C4<0>, C4<0>, C4<0>;
v000002649d0e2790_0 .net/2u *"_ivl_20", 4 0, L_000002649d15af30;  1 drivers
v000002649d0e3c30_0 .net *"_ivl_22", 0 0, L_000002649d1bcb50;  1 drivers
L_000002649d15af78 .functor BUFT 1, C4<00000000000000000000000000000000>, C4<0>, C4<0>, C4<0>;
v000002649d0e2e70_0 .net/2u *"_ivl_24", 31 0, L_000002649d15af78;  1 drivers
v000002649d0e3e10_0 .net *"_ivl_26", 0 0, L_000002649d1bae90;  1 drivers
v000002649d0e4270_0 .net *"_ivl_29", 0 0, L_000002649d0e17f0;  1 drivers
v000002649d0e3eb0_0 .net *"_ivl_30", 31 0, L_000002649d1bc470;  1 drivers
v000002649d0e3ff0_0 .net *"_ivl_32", 6 0, L_000002649d1bc8d0;  1 drivers
L_000002649d15afc0 .functor BUFT 1, C4<00>, C4<0>, C4<0>, C4<0>;
v000002649d0e2970_0 .net *"_ivl_35", 1 0, L_000002649d15afc0;  1 drivers
v000002649d150180_0 .net *"_ivl_36", 31 0, L_000002649d1bafd0;  1 drivers
L_000002649d15aea0 .functor BUFT 1, C4<00000000000000000000000000000000>, C4<0>, C4<0>, C4<0>;
v000002649d151620_0 .net/2u *"_ivl_4", 31 0, L_000002649d15aea0;  1 drivers
v000002649d150ae0_0 .net *"_ivl_6", 0 0, L_000002649d1bce70;  1 drivers
v000002649d150e00_0 .net *"_ivl_9", 0 0, L_000002649d0e2270;  1 drivers
v000002649d151120_0 .net "clk", 0 0, o000002649d1205f8;  alias, 0 drivers
v000002649d1502c0_0 .var/i "i", 31 0;
v000002649d1516c0_0 .net "rd", 4 0, v000002649d158ec0_0;  alias, 1 drivers
v000002649d150860 .array "regfile", 31 0, 31 0;
v000002649d151260_0 .net "rs1", 4 0, L_000002649d1595a0;  alias, 1 drivers
v000002649d150cc0_0 .net "rs1_data", 31 0, L_000002649d1baf30;  alias, 1 drivers
v000002649d151d00_0 .net "rs2", 4 0, L_000002649d1591e0;  alias, 1 drivers
v000002649d151b20_0 .net "rs2_data", 31 0, L_000002649d1bb070;  alias, 1 drivers
v000002649d1511c0_0 .net "rst", 0 0, o000002649d120748;  alias, 0 drivers
v000002649d150220_0 .net "write_data", 31 0, L_000002649d1bbe30;  alias, 1 drivers
v000002649d150d60_0 .net "write_en", 0 0, v000002649d159c80_0;  alias, 1 drivers
E_000002649d0f1360 .event posedge, v000002649d151120_0;
L_000002649d1bb9d0 .cmp/eq 5, L_000002649d1595a0, L_000002649d15ae58;
L_000002649d1bce70 .cmp/eq 5, v000002649d158ec0_0, L_000002649d1595a0;
L_000002649d1bbb10 .array/port v000002649d150860, L_000002649d1bb250;
L_000002649d1bb250 .concat [ 5 2 0 0], L_000002649d1595a0, L_000002649d15aee8;
L_000002649d1badf0 .functor MUXZ 32, L_000002649d1bbb10, L_000002649d1bbe30, L_000002649d0e2270, C4<>;
L_000002649d1baf30 .functor MUXZ 32, L_000002649d1badf0, L_000002649d15aea0, L_000002649d1bb9d0, C4<>;
L_000002649d1bcb50 .cmp/eq 5, L_000002649d1591e0, L_000002649d15af30;
L_000002649d1bae90 .cmp/eq 5, v000002649d158ec0_0, L_000002649d1591e0;
L_000002649d1bc470 .array/port v000002649d150860, L_000002649d1bc8d0;
L_000002649d1bc8d0 .concat [ 5 2 0 0], L_000002649d1591e0, L_000002649d15afc0;
L_000002649d1bafd0 .functor MUXZ 32, L_000002649d1bc470, L_000002649d1bbe30, L_000002649d0e17f0, C4<>;
L_000002649d1bb070 .functor MUXZ 32, L_000002649d1bafd0, L_000002649d15af78, L_000002649d1bcb50, C4<>;
    .scope S_000002649d068490;
T_0 ;
    %wait E_000002649d0f1360;
    %load/vec4 v000002649d1511c0_0;
    %flag_set/vec4 8;
    %jmp/0xz  T_0.0, 8;
    %pushi/vec4 1, 0, 32;
    %store/vec4 v000002649d1502c0_0, 0, 32;
T_0.2 ;
    %load/vec4 v000002649d1502c0_0;
    %cmpi/s 32, 0, 32;
    %jmp/0xz T_0.3, 5;
    %pushi/vec4 0, 0, 32;
    %ix/getv/s 3, v000002649d1502c0_0;
    %ix/load 4, 0, 0; Constant delay
    %assign/vec4/a/d v000002649d150860, 0, 4;
    %load/vec4 v000002649d1502c0_0;
    %addi 1, 0, 32;
    %store/vec4 v000002649d1502c0_0, 0, 32;
    %jmp T_0.2;
T_0.3 ;
    %jmp T_0.1;
T_0.0 ;
    %load/vec4 v000002649d150d60_0;
    %flag_set/vec4 9;
    %flag_get/vec4 9;
    %jmp/0 T_0.6, 9;
    %load/vec4 v000002649d1516c0_0;
    %pushi/vec4 0, 0, 5;
    %cmp/ne;
    %flag_get/vec4 4;
    %and;
T_0.6;
    %flag_set/vec4 8;
    %jmp/0xz  T_0.4, 8;
    %load/vec4 v000002649d150220_0;
    %load/vec4 v000002649d1516c0_0;
    %pad/u 7;
    %ix/vec4 3;
    %ix/load 4, 0, 0; Constant delay
    %assign/vec4/a/d v000002649d150860, 0, 4;
T_0.4 ;
T_0.1 ;
    %jmp T_0;
    .thread T_0;
    .scope S_000002649d06f1c0;
T_1 ;
    %wait E_000002649d0f0aa0;
    %load/vec4 v000002649d0e3370_0;
    %dup/vec4;
    %pushi/vec4 0, 0, 4;
    %cmp/u;
    %jmp/1 T_1.0, 6;
    %dup/vec4;
    %pushi/vec4 1, 0, 4;
    %cmp/u;
    %jmp/1 T_1.1, 6;
    %dup/vec4;
    %pushi/vec4 2, 0, 4;
    %cmp/u;
    %jmp/1 T_1.2, 6;
    %dup/vec4;
    %pushi/vec4 3, 0, 4;
    %cmp/u;
    %jmp/1 T_1.3, 6;
    %dup/vec4;
    %pushi/vec4 4, 0, 4;
    %cmp/u;
    %jmp/1 T_1.4, 6;
    %dup/vec4;
    %pushi/vec4 5, 0, 4;
    %cmp/u;
    %jmp/1 T_1.5, 6;
    %dup/vec4;
    %pushi/vec4 6, 0, 4;
    %cmp/u;
    %jmp/1 T_1.6, 6;
    %dup/vec4;
    %pushi/vec4 8, 0, 4;
    %cmp/u;
    %jmp/1 T_1.7, 6;
    %dup/vec4;
    %pushi/vec4 9, 0, 4;
    %cmp/u;
    %jmp/1 T_1.8, 6;
    %dup/vec4;
    %pushi/vec4 7, 0, 4;
    %cmp/u;
    %jmp/1 T_1.9, 6;
    %pushi/vec4 4294967295, 4294967295, 32;
    %store/vec4 v000002649d0e3d70_0, 0, 32;
    %jmp T_1.11;
T_1.0 ;
    %load/vec4 v000002649d0e44f0_0;
    %load/vec4 v000002649d0e3550_0;
    %add;
    %store/vec4 v000002649d0e3d70_0, 0, 32;
    %jmp T_1.11;
T_1.1 ;
    %load/vec4 v000002649d0e44f0_0;
    %load/vec4 v000002649d0e3550_0;
    %sub;
    %store/vec4 v000002649d0e3d70_0, 0, 32;
    %jmp T_1.11;
T_1.2 ;
    %load/vec4 v000002649d0e44f0_0;
    %load/vec4 v000002649d0e3550_0;
    %xor;
    %store/vec4 v000002649d0e3d70_0, 0, 32;
    %jmp T_1.11;
T_1.3 ;
    %load/vec4 v000002649d0e44f0_0;
    %load/vec4 v000002649d0e3550_0;
    %or;
    %store/vec4 v000002649d0e3d70_0, 0, 32;
    %jmp T_1.11;
T_1.4 ;
    %load/vec4 v000002649d0e44f0_0;
    %load/vec4 v000002649d0e3550_0;
    %and;
    %store/vec4 v000002649d0e3d70_0, 0, 32;
    %jmp T_1.11;
T_1.5 ;
    %load/vec4 v000002649d0e44f0_0;
    %load/vec4 v000002649d0e3550_0;
    %parti/s 5, 0, 2;
    %ix/vec4 4;
    %shiftl 4;
    %store/vec4 v000002649d0e3d70_0, 0, 32;
    %jmp T_1.11;
T_1.6 ;
    %load/vec4 v000002649d0e44f0_0;
    %load/vec4 v000002649d0e3550_0;
    %parti/s 5, 0, 2;
    %ix/vec4 4;
    %shiftr 4;
    %store/vec4 v000002649d0e3d70_0, 0, 32;
    %jmp T_1.11;
T_1.7 ;
    %load/vec4 v000002649d0e44f0_0;
    %load/vec4 v000002649d0e3550_0;
    %cmp/s;
    %flag_mov 8, 5;
    %jmp/0 T_1.12, 8;
    %pushi/vec4 1, 0, 32;
    %jmp/1 T_1.13, 8;
T_1.12 ; End of true expr.
    %pushi/vec4 0, 0, 32;
    %jmp/0 T_1.13, 8;
 ; End of false expr.
    %blend;
T_1.13;
    %store/vec4 v000002649d0e3d70_0, 0, 32;
    %jmp T_1.11;
T_1.8 ;
    %load/vec4 v000002649d0e44f0_0;
    %load/vec4 v000002649d0e3550_0;
    %cmp/u;
    %flag_mov 8, 5;
    %jmp/0 T_1.14, 8;
    %pushi/vec4 1, 0, 32;
    %jmp/1 T_1.15, 8;
T_1.14 ; End of true expr.
    %pushi/vec4 0, 0, 32;
    %jmp/0 T_1.15, 8;
 ; End of false expr.
    %blend;
T_1.15;
    %store/vec4 v000002649d0e3d70_0, 0, 32;
    %jmp T_1.11;
T_1.9 ;
    %load/vec4 v000002649d0e44f0_0;
    %load/vec4 v000002649d0e3550_0;
    %parti/s 5, 0, 2;
    %ix/vec4 4;
    %shiftr/s 4;
    %store/vec4 v000002649d0e3d70_0, 0, 32;
    %jmp T_1.11;
T_1.11 ;
    %pop/vec4 1;
    %jmp T_1;
    .thread T_1, $push;
    .scope S_000002649d06f030;
T_2 ;
    %pushi/vec4 0, 0, 32;
    %store/vec4 v000002649d155bc0_0, 0, 32;
    %pushi/vec4 19, 0, 32;
    %store/vec4 v000002649d154ae0_0, 0, 32;
    %pushi/vec4 19, 0, 32;
    %store/vec4 v000002649d154fe0_0, 0, 32;
    %pushi/vec4 19, 0, 32;
    %store/vec4 v000002649d155260_0, 0, 32;
    %pushi/vec4 19, 0, 32;
    %store/vec4 v000002649d155c60_0, 0, 32;
    %end;
    .thread T_2;
    .scope S_000002649d06f030;
T_3 ;
    %wait E_000002649d0f12e0;
    %load/vec4 v000002649d158210_0;
    %store/vec4 v000002649d156870_0, 0, 32;
    %load/vec4 v000002649d159d20_0;
    %cmpi/e 8, 0, 5;
    %jmp/0xz  T_3.0, 4;
    %load/vec4 v000002649d157270_0;
    %store/vec4 v000002649d156870_0, 0, 32;
    %jmp T_3.1;
T_3.0 ;
    %load/vec4 v000002649d159d20_0;
    %cmpi/e 24, 0, 5;
    %jmp/0xz  T_3.2, 4;
    %load/vec4 v000002649d156af0_0;
    %store/vec4 v000002649d156870_0, 0, 32;
    %jmp T_3.3;
T_3.2 ;
    %load/vec4 v000002649d159d20_0;
    %cmpi/e 27, 0, 5;
    %jmp/0xz  T_3.4, 4;
    %load/vec4 v000002649d1583f0_0;
    %store/vec4 v000002649d156870_0, 0, 32;
    %jmp T_3.5;
T_3.4 ;
    %load/vec4 v000002649d159d20_0;
    %cmpi/e 13, 0, 5;
    %jmp/1 T_3.8, 4;
    %flag_mov 8, 4;
    %load/vec4 v000002649d159d20_0;
    %cmpi/e 5, 0, 5;
    %flag_or 4, 8;
T_3.8;
    %jmp/0xz  T_3.6, 4;
    %load/vec4 v000002649d156e10_0;
    %store/vec4 v000002649d156870_0, 0, 32;
T_3.6 ;
T_3.5 ;
T_3.3 ;
T_3.1 ;
    %jmp T_3;
    .thread T_3, $push;
    .scope S_000002649d06f030;
T_4 ;
    %wait E_000002649d0f15e0;
    %pushi/vec4 0, 0, 4;
    %store/vec4 v000002649d1547c0_0, 0, 4;
    %pushi/vec4 0, 0, 1;
    %store/vec4 v000002649d154860_0, 0, 1;
    %pushi/vec4 0, 0, 1;
    %store/vec4 v000002649d156c30_0, 0, 1;
    %pushi/vec4 0, 0, 1;
    %store/vec4 v000002649d15a0e0_0, 0, 1;
    %pushi/vec4 0, 0, 1;
    %store/vec4 v000002649d15a360_0, 0, 1;
    %pushi/vec4 0, 0, 1;
    %store/vec4 v000002649d157630_0, 0, 1;
    %pushi/vec4 0, 0, 2;
    %store/vec4 v000002649d155300_0, 0, 2;
    %load/vec4 v000002649d159d20_0;
    %dup/vec4;
    %pushi/vec4 12, 0, 5;
    %cmp/u;
    %jmp/1 T_4.0, 6;
    %dup/vec4;
    %pushi/vec4 4, 0, 5;
    %cmp/u;
    %jmp/1 T_4.1, 6;
    %dup/vec4;
    %pushi/vec4 0, 0, 5;
    %cmp/u;
    %jmp/1 T_4.2, 6;
    %dup/vec4;
    %pushi/vec4 8, 0, 5;
    %cmp/u;
    %jmp/1 T_4.3, 6;
    %dup/vec4;
    %pushi/vec4 24, 0, 5;
    %cmp/u;
    %jmp/1 T_4.4, 6;
    %dup/vec4;
    %pushi/vec4 13, 0, 5;
    %cmp/u;
    %jmp/1 T_4.5, 6;
    %dup/vec4;
    %pushi/vec4 5, 0, 5;
    %cmp/u;
    %jmp/1 T_4.6, 6;
    %dup/vec4;
    %pushi/vec4 27, 0, 5;
    %cmp/u;
    %jmp/1 T_4.7, 6;
    %dup/vec4;
    %pushi/vec4 25, 0, 5;
    %cmp/u;
    %jmp/1 T_4.8, 6;
    %jmp T_4.10;
T_4.0 ;
    %pushi/vec4 1, 0, 1;
    %store/vec4 v000002649d15a360_0, 0, 1;
    %pushi/vec4 0, 0, 1;
    %store/vec4 v000002649d154860_0, 0, 1;
    %load/vec4 v000002649d1563e0_0;
    %dup/vec4;
    %pushi/vec4 0, 0, 3;
    %cmp/u;
    %jmp/1 T_4.11, 6;
    %dup/vec4;
    %pushi/vec4 1, 0, 3;
    %cmp/u;
    %jmp/1 T_4.12, 6;
    %dup/vec4;
    %pushi/vec4 2, 0, 3;
    %cmp/u;
    %jmp/1 T_4.13, 6;
    %dup/vec4;
    %pushi/vec4 3, 0, 3;
    %cmp/u;
    %jmp/1 T_4.14, 6;
    %dup/vec4;
    %pushi/vec4 4, 0, 3;
    %cmp/u;
    %jmp/1 T_4.15, 6;
    %dup/vec4;
    %pushi/vec4 5, 0, 3;
    %cmp/u;
    %jmp/1 T_4.16, 6;
    %dup/vec4;
    %pushi/vec4 6, 0, 3;
    %cmp/u;
    %jmp/1 T_4.17, 6;
    %dup/vec4;
    %pushi/vec4 7, 0, 3;
    %cmp/u;
    %jmp/1 T_4.18, 6;
    %pushi/vec4 0, 0, 4;
    %store/vec4 v000002649d1547c0_0, 0, 4;
    %jmp T_4.20;
T_4.11 ;
    %load/vec4 v000002649d156160_0;
    %parti/s 1, 5, 4;
    %flag_set/vec4 8;
    %jmp/0 T_4.21, 8;
    %pushi/vec4 1, 0, 4;
    %jmp/1 T_4.22, 8;
T_4.21 ; End of true expr.
    %pushi/vec4 0, 0, 4;
    %jmp/0 T_4.22, 8;
 ; End of false expr.
    %blend;
T_4.22;
    %store/vec4 v000002649d1547c0_0, 0, 4;
    %jmp T_4.20;
T_4.12 ;
    %pushi/vec4 5, 0, 4;
    %store/vec4 v000002649d1547c0_0, 0, 4;
    %jmp T_4.20;
T_4.13 ;
    %pushi/vec4 8, 0, 4;
    %store/vec4 v000002649d1547c0_0, 0, 4;
    %jmp T_4.20;
T_4.14 ;
    %pushi/vec4 9, 0, 4;
    %store/vec4 v000002649d1547c0_0, 0, 4;
    %jmp T_4.20;
T_4.15 ;
    %pushi/vec4 2, 0, 4;
    %store/vec4 v000002649d1547c0_0, 0, 4;
    %jmp T_4.20;
T_4.16 ;
    %load/vec4 v000002649d156160_0;
    %parti/s 1, 5, 4;
    %flag_set/vec4 8;
    %jmp/0 T_4.23, 8;
    %pushi/vec4 7, 0, 4;
    %jmp/1 T_4.24, 8;
T_4.23 ; End of true expr.
    %pushi/vec4 6, 0, 4;
    %jmp/0 T_4.24, 8;
 ; End of false expr.
    %blend;
T_4.24;
    %store/vec4 v000002649d1547c0_0, 0, 4;
    %jmp T_4.20;
T_4.17 ;
    %pushi/vec4 3, 0, 4;
    %store/vec4 v000002649d1547c0_0, 0, 4;
    %jmp T_4.20;
T_4.18 ;
    %pushi/vec4 4, 0, 4;
    %store/vec4 v000002649d1547c0_0, 0, 4;
    %jmp T_4.20;
T_4.20 ;
    %pop/vec4 1;
    %jmp T_4.10;
T_4.1 ;
    %pushi/vec4 1, 0, 1;
    %store/vec4 v000002649d15a360_0, 0, 1;
    %pushi/vec4 1, 0, 1;
    %store/vec4 v000002649d154860_0, 0, 1;
    %load/vec4 v000002649d1563e0_0;
    %dup/vec4;
    %pushi/vec4 0, 0, 3;
    %cmp/u;
    %jmp/1 T_4.25, 6;
    %dup/vec4;
    %pushi/vec4 1, 0, 3;
    %cmp/u;
    %jmp/1 T_4.26, 6;
    %dup/vec4;
    %pushi/vec4 2, 0, 3;
    %cmp/u;
    %jmp/1 T_4.27, 6;
    %dup/vec4;
    %pushi/vec4 3, 0, 3;
    %cmp/u;
    %jmp/1 T_4.28, 6;
    %dup/vec4;
    %pushi/vec4 4, 0, 3;
    %cmp/u;
    %jmp/1 T_4.29, 6;
    %dup/vec4;
    %pushi/vec4 5, 0, 3;
    %cmp/u;
    %jmp/1 T_4.30, 6;
    %dup/vec4;
    %pushi/vec4 6, 0, 3;
    %cmp/u;
    %jmp/1 T_4.31, 6;
    %dup/vec4;
    %pushi/vec4 7, 0, 3;
    %cmp/u;
    %jmp/1 T_4.32, 6;
    %pushi/vec4 0, 0, 4;
    %store/vec4 v000002649d1547c0_0, 0, 4;
    %jmp T_4.34;
T_4.25 ;
    %pushi/vec4 0, 0, 4;
    %store/vec4 v000002649d1547c0_0, 0, 4;
    %jmp T_4.34;
T_4.26 ;
    %pushi/vec4 5, 0, 4;
    %store/vec4 v000002649d1547c0_0, 0, 4;
    %jmp T_4.34;
T_4.27 ;
    %pushi/vec4 8, 0, 4;
    %store/vec4 v000002649d1547c0_0, 0, 4;
    %jmp T_4.34;
T_4.28 ;
    %pushi/vec4 9, 0, 4;
    %store/vec4 v000002649d1547c0_0, 0, 4;
    %jmp T_4.34;
T_4.29 ;
    %pushi/vec4 2, 0, 4;
    %store/vec4 v000002649d1547c0_0, 0, 4;
    %jmp T_4.34;
T_4.30 ;
    %load/vec4 v000002649d156160_0;
    %parti/s 1, 5, 4;
    %flag_set/vec4 8;
    %jmp/0 T_4.35, 8;
    %pushi/vec4 7, 0, 4;
    %jmp/1 T_4.36, 8;
T_4.35 ; End of true expr.
    %pushi/vec4 6, 0, 4;
    %jmp/0 T_4.36, 8;
 ; End of false expr.
    %blend;
T_4.36;
    %store/vec4 v000002649d1547c0_0, 0, 4;
    %jmp T_4.34;
T_4.31 ;
    %pushi/vec4 3, 0, 4;
    %store/vec4 v000002649d1547c0_0, 0, 4;
    %jmp T_4.34;
T_4.32 ;
    %pushi/vec4 4, 0, 4;
    %store/vec4 v000002649d1547c0_0, 0, 4;
    %jmp T_4.34;
T_4.34 ;
    %pop/vec4 1;
    %jmp T_4.10;
T_4.2 ;
    %pushi/vec4 1, 0, 1;
    %store/vec4 v000002649d15a360_0, 0, 1;
    %pushi/vec4 1, 0, 1;
    %store/vec4 v000002649d154860_0, 0, 1;
    %pushi/vec4 1, 0, 1;
    %store/vec4 v000002649d156c30_0, 0, 1;
    %pushi/vec4 1, 0, 1;
    %store/vec4 v000002649d157630_0, 0, 1;
    %pushi/vec4 0, 0, 4;
    %store/vec4 v000002649d1547c0_0, 0, 4;
    %pushi/vec4 0, 0, 2;
    %store/vec4 v000002649d155300_0, 0, 2;
    %jmp T_4.10;
T_4.3 ;
    %pushi/vec4 1, 0, 1;
    %store/vec4 v000002649d154860_0, 0, 1;
    %pushi/vec4 1, 0, 1;
    %store/vec4 v000002649d15a0e0_0, 0, 1;
    %pushi/vec4 0, 0, 4;
    %store/vec4 v000002649d1547c0_0, 0, 4;
    %jmp T_4.10;
T_4.4 ;
    %pushi/vec4 0, 0, 1;
    %store/vec4 v000002649d154860_0, 0, 1;
    %pushi/vec4 1, 0, 4;
    %store/vec4 v000002649d1547c0_0, 0, 4;
    %jmp T_4.10;
T_4.5 ;
    %pushi/vec4 1, 0, 1;
    %store/vec4 v000002649d15a360_0, 0, 1;
    %pushi/vec4 1, 0, 1;
    %store/vec4 v000002649d154860_0, 0, 1;
    %pushi/vec4 0, 0, 4;
    %store/vec4 v000002649d1547c0_0, 0, 4;
    %jmp T_4.10;
T_4.6 ;
    %pushi/vec4 1, 0, 1;
    %store/vec4 v000002649d15a360_0, 0, 1;
    %pushi/vec4 1, 0, 1;
    %store/vec4 v000002649d154860_0, 0, 1;
    %pushi/vec4 0, 0, 4;
    %store/vec4 v000002649d1547c0_0, 0, 4;
    %jmp T_4.10;
T_4.7 ;
    %pushi/vec4 1, 0, 1;
    %store/vec4 v000002649d15a360_0, 0, 1;
    %pushi/vec4 0, 0, 4;
    %store/vec4 v000002649d1547c0_0, 0, 4;
    %pushi/vec4 1, 0, 1;
    %store/vec4 v000002649d154860_0, 0, 1;
    %pushi/vec4 0, 0, 1;
    %store/vec4 v000002649d157630_0, 0, 1;
    %jmp T_4.10;
T_4.8 ;
    %pushi/vec4 1, 0, 1;
    %store/vec4 v000002649d15a360_0, 0, 1;
    %pushi/vec4 1, 0, 1;
    %store/vec4 v000002649d154860_0, 0, 1;
    %pushi/vec4 0, 0, 4;
    %store/vec4 v000002649d1547c0_0, 0, 4;
    %pushi/vec4 0, 0, 1;
    %store/vec4 v000002649d157630_0, 0, 1;
    %jmp T_4.10;
T_4.10 ;
    %pop/vec4 1;
    %jmp T_4;
    .thread T_4, $push;
    .scope S_000002649d06f030;
T_5 ;
    %pushi/vec4 0, 0, 32;
    %store/vec4 v000002649d155bc0_0, 0, 32;
    %end;
    .thread T_5;
    .scope S_000002649d06f030;
T_6 ;
    %wait E_000002649d0f0ce0;
    %load/vec4 v000002649d158ba0_0;
    %flag_set/vec4 8;
    %jmp/0xz  T_6.0, 8;
    %pushi/vec4 0, 0, 32;
    %assign/vec4 v000002649d158a60_0, 0;
    %pushi/vec4 19, 0, 32;
    %assign/vec4 v000002649d158170_0, 0;
    %pushi/vec4 0, 0, 32;
    %assign/vec4 v000002649d157130_0, 0;
    %pushi/vec4 0, 0, 32;
    %assign/vec4 v000002649d156b90_0, 0;
    %pushi/vec4 0, 0, 32;
    %assign/vec4 v000002649d157b30_0, 0;
    %pushi/vec4 0, 0, 32;
    %assign/vec4 v000002649d1580d0_0, 0;
    %pushi/vec4 0, 0, 32;
    %assign/vec4 v000002649d156d70_0, 0;
    %pushi/vec4 0, 0, 5;
    %assign/vec4 v000002649d157c70_0, 0;
    %pushi/vec4 0, 0, 5;
    %assign/vec4 v000002649d158030_0, 0;
    %pushi/vec4 0, 0, 5;
    %assign/vec4 v000002649d156eb0_0, 0;
    %pushi/vec4 0, 0, 4;
    %assign/vec4 v000002649d156520_0, 0;
    %pushi/vec4 0, 0, 1;
    %assign/vec4 v000002649d154f40_0, 0;
    %pushi/vec4 0, 0, 1;
    %assign/vec4 v000002649d157a90_0, 0;
    %pushi/vec4 0, 0, 1;
    %assign/vec4 v000002649d1567d0_0, 0;
    %pushi/vec4 0, 0, 1;
    %assign/vec4 v000002649d157bd0_0, 0;
    %pushi/vec4 0, 0, 1;
    %assign/vec4 v000002649d1582b0_0, 0;
    %pushi/vec4 0, 0, 3;
    %assign/vec4 v000002649d156cd0_0, 0;
    %pushi/vec4 0, 0, 32;
    %assign/vec4 v000002649d154b80_0, 0;
    %pushi/vec4 0, 0, 32;
    %assign/vec4 v000002649d1558a0_0, 0;
    %pushi/vec4 0, 0, 32;
    %assign/vec4 v000002649d155760_0, 0;
    %pushi/vec4 0, 0, 1;
    %assign/vec4 v000002649d155da0_0, 0;
    %pushi/vec4 0, 0, 1;
    %assign/vec4 v000002649d154e00_0, 0;
    %pushi/vec4 0, 0, 1;
    %assign/vec4 v000002649d155440_0, 0;
    %pushi/vec4 0, 0, 32;
    %assign/vec4 v000002649d155940_0, 0;
    %pushi/vec4 0, 0, 32;
    %assign/vec4 v000002649d157810_0, 0;
    %pushi/vec4 0, 0, 32;
    %assign/vec4 v000002649d154c20_0, 0;
    %pushi/vec4 0, 0, 1;
    %assign/vec4 v000002649d154ea0_0, 0;
    %pushi/vec4 0, 0, 1;
    %assign/vec4 v000002649d155620_0, 0;
    %pushi/vec4 0, 0, 1;
    %assign/vec4 v000002649d1553a0_0, 0;
    %pushi/vec4 0, 0, 1;
    %assign/vec4 v000002649d155800_0, 0;
    %pushi/vec4 0, 0, 32;
    %assign/vec4 v000002649d1576d0_0, 0;
    %pushi/vec4 0, 0, 5;
    %assign/vec4 v000002649d158ec0_0, 0;
    %pushi/vec4 0, 0, 1;
    %assign/vec4 v000002649d159c80_0, 0;
    %pushi/vec4 0, 0, 1;
    %assign/vec4 v000002649d1578b0_0, 0;
    %pushi/vec4 0, 0, 32;
    %assign/vec4 v000002649d157950_0, 0;
    %pushi/vec4 0, 0, 1;
    %assign/vec4 v000002649d157310_0, 0;
    %pushi/vec4 0, 0, 1;
    %assign/vec4 v000002649d1569b0_0, 0;
    %pushi/vec4 0, 0, 1;
    %assign/vec4 v000002649d154cc0_0, 0;
    %pushi/vec4 0, 0, 1;
    %assign/vec4 v000002649d157090_0, 0;
    %pushi/vec4 0, 0, 2;
    %assign/vec4 v000002649d156480_0, 0;
    %pushi/vec4 19, 0, 32;
    %assign/vec4 v000002649d154ae0_0, 0;
    %pushi/vec4 19, 0, 32;
    %assign/vec4 v000002649d154fe0_0, 0;
    %pushi/vec4 19, 0, 32;
    %assign/vec4 v000002649d155260_0, 0;
    %pushi/vec4 19, 0, 32;
    %assign/vec4 v000002649d155c60_0, 0;
    %jmp T_6.1;
T_6.0 ;
    %load/vec4 v000002649d158920_0;
    %assign/vec4 v000002649d158a60_0, 0;
    %load/vec4 v000002649d157d10_0;
    %assign/vec4 v000002649d158170_0, 0;
    %load/vec4 v000002649d15a2c0_0;
    %assign/vec4 v000002649d157130_0, 0;
    %load/vec4 v000002649d157130_0;
    %assign/vec4 v000002649d156b90_0, 0;
    %load/vec4 v000002649d159320_0;
    %assign/vec4 v000002649d157b30_0, 0;
    %load/vec4 v000002649d1589c0_0;
    %assign/vec4 v000002649d1580d0_0, 0;
    %load/vec4 v000002649d156870_0;
    %assign/vec4 v000002649d156d70_0, 0;
    %load/vec4 v000002649d159000_0;
    %assign/vec4 v000002649d157c70_0, 0;
    %load/vec4 v000002649d15a400_0;
    %assign/vec4 v000002649d158030_0, 0;
    %load/vec4 v000002649d158c40_0;
    %assign/vec4 v000002649d156eb0_0, 0;
    %load/vec4 v000002649d1547c0_0;
    %assign/vec4 v000002649d156520_0, 0;
    %load/vec4 v000002649d154860_0;
    %assign/vec4 v000002649d154f40_0, 0;
    %load/vec4 v000002649d156c30_0;
    %assign/vec4 v000002649d157a90_0, 0;
    %load/vec4 v000002649d15a0e0_0;
    %assign/vec4 v000002649d1567d0_0, 0;
    %load/vec4 v000002649d15a360_0;
    %assign/vec4 v000002649d157bd0_0, 0;
    %load/vec4 v000002649d157630_0;
    %assign/vec4 v000002649d1582b0_0, 0;
    %load/vec4 v000002649d1563e0_0;
    %assign/vec4 v000002649d156cd0_0, 0;
    %load/vec4 v000002649d154a40_0;
    %assign/vec4 v000002649d154b80_0, 0;
    %load/vec4 v000002649d159aa0_0;
    %assign/vec4 v000002649d1558a0_0, 0;
    %load/vec4 v000002649d156eb0_0;
    %pad/u 32;
    %assign/vec4 v000002649d155760_0, 0;
    %load/vec4 v000002649d1590a0_0;
    %assign/vec4 v000002649d155da0_0, 0;
    %load/vec4 v000002649d157a90_0;
    %assign/vec4 v000002649d155620_0, 0;
    %load/vec4 v000002649d1567d0_0;
    %assign/vec4 v000002649d1553a0_0, 0;
    %load/vec4 v000002649d157bd0_0;
    %assign/vec4 v000002649d155800_0, 0;
    %load/vec4 v000002649d1582b0_0;
    %assign/vec4 v000002649d154ea0_0, 0;
    %load/vec4 v000002649d156cd0_0;
    %assign/vec4 v000002649d1556c0_0, 0;
    %load/vec4 v000002649d157090_0;
    %assign/vec4 v000002649d154cc0_0, 0;
    %load/vec4 v000002649d157e50_0;
    %assign/vec4 v000002649d157090_0, 0;
    %load/vec4 v000002649d1585d0_0;
    %assign/vec4 v000002649d157310_0, 0;
    %load/vec4 v000002649d157db0_0;
    %assign/vec4 v000002649d1569b0_0, 0;
    %load/vec4 v000002649d1569b0_0;
    %assign/vec4 v000002649d155440_0, 0;
    %load/vec4 v000002649d157310_0;
    %assign/vec4 v000002649d154e00_0, 0;
    %load/vec4 v000002649d1562a0_0;
    %assign/vec4 v000002649d154c20_0, 0;
    %load/vec4 v000002649d156a50_0;
    %assign/vec4 v000002649d157810_0, 0;
    %load/vec4 v000002649d154b80_0;
    %assign/vec4 v000002649d1576d0_0, 0;
    %load/vec4 v000002649d155760_0;
    %pad/u 5;
    %assign/vec4 v000002649d158ec0_0, 0;
    %load/vec4 v000002649d155800_0;
    %assign/vec4 v000002649d159c80_0, 0;
    %load/vec4 v000002649d154ea0_0;
    %assign/vec4 v000002649d1578b0_0, 0;
    %load/vec4 v000002649d156b90_0;
    %assign/vec4 v000002649d155940_0, 0;
    %load/vec4 v000002649d155940_0;
    %assign/vec4 v000002649d157950_0, 0;
    %load/vec4 v000002649d154e00_0;
    %assign/vec4 v000002649d156ff0_0, 0;
    %load/vec4 v000002649d155440_0;
    %assign/vec4 v000002649d157770_0, 0;
    %load/vec4 v000002649d155300_0;
    %assign/vec4 v000002649d156480_0, 0;
    %load/vec4 v000002649d158170_0;
    %assign/vec4 v000002649d154ae0_0, 0;
    %load/vec4 v000002649d154ae0_0;
    %assign/vec4 v000002649d154fe0_0, 0;
    %load/vec4 v000002649d154fe0_0;
    %assign/vec4 v000002649d155260_0, 0;
    %load/vec4 v000002649d155260_0;
    %assign/vec4 v000002649d155c60_0, 0;
T_6.1 ;
    %jmp T_6;
    .thread T_6;
    .scope S_000002649d06f030;
T_7 ;
    %wait E_000002649d0f1220;
    %pushi/vec4 0, 0, 3;
    %store/vec4 v000002649d151a80_0, 0, 3;
    %pushi/vec4 0, 0, 3;
    %store/vec4 v000002649d150f40_0, 0, 3;
    %load/vec4 v000002649d155800_0;
    %flag_set/vec4 9;
    %flag_get/vec4 9;
    %jmp/0 T_7.2, 9;
    %load/vec4 v000002649d155760_0;
    %pushi/vec4 0, 0, 32;
    %cmp/ne;
    %flag_get/vec4 4;
    %and;
T_7.2;
    %flag_set/vec4 8;
    %jmp/0xz  T_7.0, 8;
    %load/vec4 v000002649d155760_0;
    %load/vec4 v000002649d157c70_0;
    %pad/u 32;
    %cmp/e;
    %jmp/0xz  T_7.3, 4;
    %pushi/vec4 2, 0, 3;
    %store/vec4 v000002649d151a80_0, 0, 3;
T_7.3 ;
    %load/vec4 v000002649d155760_0;
    %load/vec4 v000002649d158030_0;
    %pad/u 32;
    %cmp/e;
    %jmp/0xz  T_7.5, 4;
    %pushi/vec4 2, 0, 3;
    %store/vec4 v000002649d150f40_0, 0, 3;
T_7.5 ;
T_7.0 ;
    %load/vec4 v000002649d159c80_0;
    %flag_set/vec4 9;
    %flag_get/vec4 9;
    %jmp/0 T_7.9, 9;
    %load/vec4 v000002649d158ec0_0;
    %pushi/vec4 0, 0, 5;
    %cmp/ne;
    %flag_get/vec4 4;
    %and;
T_7.9;
    %flag_set/vec4 8;
    %jmp/0xz  T_7.7, 8;
    %load/vec4 v000002649d158ec0_0;
    %load/vec4 v000002649d157c70_0;
    %cmp/e;
    %flag_get/vec4 4;
    %jmp/0 T_7.12, 4;
    %load/vec4 v000002649d155800_0;
    %flag_set/vec4 10;
    %flag_get/vec4 10;
    %jmp/0 T_7.14, 10;
    %load/vec4 v000002649d155760_0;
    %pushi/vec4 0, 0, 32;
    %cmp/ne;
    %flag_get/vec4 4;
    %and;
T_7.14;
    %flag_set/vec4 9;
    %flag_get/vec4 9;
    %jmp/0 T_7.13, 9;
    %load/vec4 v000002649d155760_0;
    %load/vec4 v000002649d157c70_0;
    %pad/u 32;
    %cmp/e;
    %flag_get/vec4 4;
    %and;
T_7.13;
    %nor/r;
    %and;
T_7.12;
    %flag_set/vec4 8;
    %jmp/0xz  T_7.10, 8;
    %pushi/vec4 1, 0, 3;
    %store/vec4 v000002649d151a80_0, 0, 3;
T_7.10 ;
    %load/vec4 v000002649d158ec0_0;
    %load/vec4 v000002649d158030_0;
    %cmp/e;
    %flag_get/vec4 4;
    %jmp/0 T_7.17, 4;
    %load/vec4 v000002649d155800_0;
    %flag_set/vec4 10;
    %flag_get/vec4 10;
    %jmp/0 T_7.19, 10;
    %load/vec4 v000002649d155760_0;
    %pushi/vec4 0, 0, 32;
    %cmp/ne;
    %flag_get/vec4 4;
    %and;
T_7.19;
    %flag_set/vec4 9;
    %flag_get/vec4 9;
    %jmp/0 T_7.18, 9;
    %load/vec4 v000002649d155760_0;
    %load/vec4 v000002649d158030_0;
    %pad/u 32;
    %cmp/e;
    %flag_get/vec4 4;
    %and;
T_7.18;
    %nor/r;
    %and;
T_7.17;
    %flag_set/vec4 8;
    %jmp/0xz  T_7.15, 8;
    %pushi/vec4 1, 0, 3;
    %store/vec4 v000002649d150f40_0, 0, 3;
T_7.15 ;
T_7.7 ;
    %jmp T_7;
    .thread T_7, $push;
    .scope S_000002649d06f030;
T_8 ;
    %wait E_000002649d0f0ce0;
    %load/vec4 v000002649d158ba0_0;
    %flag_set/vec4 8;
    %jmp/0xz  T_8.0, 8;
    %pushi/vec4 0, 0, 32;
    %assign/vec4 v000002649d155bc0_0, 0;
    %jmp T_8.1;
T_8.0 ;
    %load/vec4 v000002649d155bc0_0;
    %addi 1, 0, 32;
    %assign/vec4 v000002649d155bc0_0, 0;
T_8.1 ;
    %jmp T_8;
    .thread T_8;
# The file index is used to find the file name in the following table.
:file_names 5;
    "N/A";
    "<interactive>";
    "cpu.v";
    "./ALU.v";
    "./reg_file.v";
